2025-11-08 17:23:45,941 [INFO] Activator:176 - 


2025-11-08 17:23:45,942 [INFO] Activator:177 - !SESSION log4j initialized
2025-11-08 17:23:46,931 [INFO] LogOutputStream:77 - [STDOUT_REDIRECT] 
2025-11-08 17:23:47,428 [INFO] ApplicationProperties:184 - Using Application install path: /opt/st/stm32cubeide_1.19.0/plugins/com.st.stm32cube.common.mx_6.15.0.202507011659
2025-11-08 17:23:47,434 [INFO] DbMcusXml:78 - Set database path to: /opt/st/stm32cubeide_1.19.0/plugins/com.st.stm32cube.common.mx_6.15.0.202507011659//db//mcu/
2025-11-08 17:23:47,434 [INFO] ApiDb:274 - Set plugin database path to: /opt/st/stm32cubeide_1.19.0/plugins/com.st.stm32cube.common.mx_6.15.0.202507011659//db//plugins/boardmanager/
2025-11-08 17:23:47,434 [WARN] ApiDb:259 - Overriding images path with different value:  => /opt/st/stm32cubeide_1.19.0/plugins/com.st.stm32cube.common.mx_6.15.0.202507011659//db//plugins/mcufinder/images/
2025-11-08 17:23:47,435 [INFO] ApiDb:250 - Set database path to: /home/marco/.stmcufinder/plugins/mcufinder//mcu/
2025-11-08 17:23:47,436 [INFO] DbMcusAds:125 - Set database path to: /home/marco/.stmcufinder/plugins/mcufinder//mcu/
2025-11-08 17:23:47,436 [INFO] CrossReferenceDbSqlite:203 - Set database path to: /home/marco/.stmcufinder/plugins/mcufinder//mcu/cs/
2025-11-08 17:23:47,474 [INFO] RulesReader:64 - Compatibility file has been processed (317 Rules)
2025-11-08 17:23:47,493 [INFO] DbMcusXml:78 - Set database path to: /opt/st/stm32cubeide_1.19.0/plugins/com.st.stm32cube.common.mx_6.15.0.202507011659//db//mcu/
2025-11-08 17:23:47,493 [INFO] ApiDb:274 - Set plugin database path to: /opt/st/stm32cubeide_1.19.0/plugins/com.st.stm32cube.common.mx_6.15.0.202507011659//db//plugins/boardmanager/
2025-11-08 17:23:47,493 [INFO] ApiDb:261 - Set plugin images path to: /opt/st/stm32cubeide_1.19.0/plugins/com.st.stm32cube.common.mx_6.15.0.202507011659//db//plugins/mcufinder/images/
2025-11-08 17:23:47,493 [WARN] DbFile:41 - Overriding database path with different value: /home/marco/.stmcufinder/plugins/mcufinder/ => /home/marco/.stmcufinder/plugins/mcufinder
2025-11-08 17:23:47,493 [INFO] ApiDb:250 - Set database path to: /home/marco/.stmcufinder/plugins/mcufinder//mcu/
2025-11-08 17:23:47,493 [WARN] DbFile:41 - Overriding database path with different value: /home/marco/.stmcufinder/plugins/mcufinder/ => /home/marco/.stmcufinder/plugins/mcufinder
2025-11-08 17:23:47,493 [INFO] DbMcusAds:125 - Set database path to: /home/marco/.stmcufinder/plugins/mcufinder//mcu/
2025-11-08 17:23:47,493 [WARN] DbFile:41 - Overriding database path with different value: /home/marco/.stmcufinder/plugins/mcufinder/ => /home/marco/.stmcufinder/plugins/mcufinder
2025-11-08 17:23:47,493 [WARN] DbFile:41 - Overriding database path with different value: /home/marco/.stmcufinder/plugins/mcufinder/ => /home/marco/.stmcufinder/plugins/mcufinder
2025-11-08 17:23:47,493 [INFO] CrossReferenceDbSqlite:203 - Set database path to: /home/marco/.stmcufinder/plugins/mcufinder//mcu/cs/
2025-11-08 17:23:47,513 [INFO] MainPanel:274 - HeapMemory: 268435456
2025-11-08 17:23:47,549 [INFO] DbMcusXml:78 - Set database path to: /opt/st/stm32cubeide_1.19.0/plugins/com.st.stm32cube.common.mx_6.15.0.202507011659//db//mcu/
2025-11-08 17:23:47,549 [INFO] ApiDb:274 - Set plugin database path to: /opt/st/stm32cubeide_1.19.0/plugins/com.st.stm32cube.common.mx_6.15.0.202507011659//db//plugins/boardmanager/
2025-11-08 17:23:47,549 [INFO] ApiDb:261 - Set plugin images path to: /opt/st/stm32cubeide_1.19.0/plugins/com.st.stm32cube.common.mx_6.15.0.202507011659//db//plugins/mcufinder/images/
2025-11-08 17:23:47,549 [WARN] DbFile:41 - Overriding database path with different value: /home/marco/.stmcufinder/plugins/mcufinder/ => /home/marco/.stmcufinder/plugins/mcufinder
2025-11-08 17:23:47,550 [INFO] ApiDb:250 - Set database path to: /home/marco/.stmcufinder/plugins/mcufinder//mcu/
2025-11-08 17:23:47,550 [WARN] DbFile:41 - Overriding database path with different value: /home/marco/.stmcufinder/plugins/mcufinder/ => /home/marco/.stmcufinder/plugins/mcufinder
2025-11-08 17:23:47,550 [INFO] DbMcusAds:125 - Set database path to: /home/marco/.stmcufinder/plugins/mcufinder//mcu/
2025-11-08 17:23:47,550 [WARN] DbFile:41 - Overriding database path with different value: /home/marco/.stmcufinder/plugins/mcufinder/ => /home/marco/.stmcufinder/plugins/mcufinder
2025-11-08 17:23:47,550 [WARN] DbFile:41 - Overriding database path with different value: /home/marco/.stmcufinder/plugins/mcufinder/ => /home/marco/.stmcufinder/plugins/mcufinder
2025-11-08 17:23:47,550 [INFO] CrossReferenceDbSqlite:203 - Set database path to: /home/marco/.stmcufinder/plugins/mcufinder//mcu/cs/
2025-11-08 17:23:47,555 [INFO] ApplicationProperties:184 - Using Application install path: /opt/st/stm32cubeide_1.19.0/plugins/com.st.stm32cube.common.mx_6.15.0.202507011659
2025-11-08 17:23:47,555 [INFO] PluginManage:196 - Search for loadable plugins [exclusion list=, ]
2025-11-08 17:23:47,555 [INFO] PluginManage:310 - Check plugin analytics
2025-11-08 17:23:47,603 [INFO] AnalyticsPlugin:253 - Accepted Software Licenses: 
2025-11-08 17:23:47,603 [INFO] AnalyticsPlugin:255 - Accepted CMSIS Pack Licenses: 
2025-11-08 17:23:47,603 [INFO] AnalyticsPlugin:257 - Accepted Firmware Licenses: FW.F7.1.17.0
2025-11-08 17:23:47,604 [INFO] PluginManage:359 - Loaded plugin analytics (category:tool,tabindex:-1)
2025-11-08 17:23:47,604 [INFO] PluginManage:310 - Check plugin cadmodel
2025-11-08 17:23:47,605 [INFO] CADModel:105 - Init CAD model plugin
2025-11-08 17:23:47,605 [INFO] PluginManage:359 - Loaded plugin cadmodel (category:power,tabindex:5)
2025-11-08 17:23:47,605 [INFO] PluginManage:310 - Check plugin clock
2025-11-08 17:23:47,608 [INFO] PluginManage:359 - Loaded plugin clock (category:base,tabindex:2)
2025-11-08 17:23:47,608 [INFO] PluginManage:310 - Check plugin ddr
2025-11-08 17:23:47,608 [INFO] PluginManage:359 - Loaded plugin ddr (category:tool,tabindex:6)
2025-11-08 17:23:47,608 [INFO] PluginManage:310 - Check plugin filemanager
2025-11-08 17:23:47,669 [INFO] PluginManage:359 - Loaded plugin filemanager (category:base,tabindex:10)
2025-11-08 17:23:47,669 [INFO] PluginManage:310 - Check plugin ipmanager
2025-11-08 17:23:47,672 [INFO] PluginManage:359 - Loaded plugin ipmanager (category:base,tabindex:5)
2025-11-08 17:23:47,672 [INFO] PluginManage:310 - Check plugin lpbam
2025-11-08 17:23:47,675 [INFO] PluginManage:359 - Loaded plugin lpbam (category:base,tabindex:0)
2025-11-08 17:23:47,675 [INFO] PluginManage:310 - Check plugin memorymap
2025-11-08 17:23:47,686 [INFO] PluginManage:359 - Loaded plugin memorymap (category:base,tabindex:4)
2025-11-08 17:23:47,687 [INFO] PluginManage:310 - Check plugin pinoutandconfiguration
2025-11-08 17:23:47,689 [INFO] PluginManage:359 - Loaded plugin pinoutandconfiguration (category:base,tabindex:1)
2025-11-08 17:23:47,689 [INFO] PluginManage:310 - Check plugin pinoutconfig
2025-11-08 17:23:47,719 [WARN] SupportedApi:132 - Cannot load RTOS API schema: s4s-elt-must-match.1: The content of 'definitions' must match (annotation?, (simpleType | complexType)?, (unique | key | keyref)*)). A problem was found starting at: attribute.
2025-11-08 17:23:47,755 [INFO] PluginManage:359 - Loaded plugin pinoutconfig (category:base,tabindex:0)
2025-11-08 17:23:47,755 [INFO] PluginManage:310 - Check plugin power
2025-11-08 17:23:47,758 [INFO] PluginManage:359 - Loaded plugin power (category:power,tabindex:4)
2025-11-08 17:23:47,758 [INFO] PluginManage:310 - Check plugin projectmanager
2025-11-08 17:23:47,765 [INFO] PluginManage:359 - Loaded plugin projectmanager (category:projectmanager,tabindex:4)
2025-11-08 17:23:47,765 [INFO] PluginManage:310 - Check plugin rif
2025-11-08 17:23:47,768 [INFO] PluginManage:359 - Loaded plugin rif (category:base,tabindex:3)
2025-11-08 17:23:47,768 [INFO] PluginManage:310 - Check plugin thirdparty
2025-11-08 17:23:47,802 [INFO] PluginManage:359 - Loaded plugin thirdparty (category:base,tabindex:-1)
2025-11-08 17:23:47,802 [INFO] PluginManage:310 - Check plugin tools
2025-11-08 17:23:47,802 [WARN] IntegrityCheckThread:84 - waiting for thirdparty lock release [integrity check]
2025-11-08 17:23:47,802 [INFO] IntegrityCheckThread:86 - entering critical section [integrity check]
2025-11-08 17:23:47,803 [INFO] ThirdPartyUpdaterWithRetryManager:70 - Updater plugin not ready yet. [1/15]
2025-11-08 17:23:47,803 [INFO] PluginManage:359 - Loaded plugin tools (category:base,tabindex:7)
2025-11-08 17:23:47,803 [INFO] PluginManage:310 - Check plugin tutovideos
2025-11-08 17:23:47,864 [INFO] PluginManage:359 - Loaded plugin tutovideos (category:base,tabindex:-1)
2025-11-08 17:23:47,864 [INFO] PluginManage:310 - Check plugin updater
2025-11-08 17:23:47,872 [INFO] PluginManage:359 - Loaded plugin updater (category:base,tabindex:12)
2025-11-08 17:23:47,872 [INFO] PluginManage:310 - Check plugin userauth
2025-11-08 17:23:47,873 [INFO] UserAuth:118 - Init User Auth plugin
2025-11-08 17:23:47,874 [INFO] PluginManage:359 - Loaded plugin userauth (category:base,tabindex:14)
2025-11-08 17:23:47,874 [INFO] PluginManage:283 - PluginManage : Loaded plugins [18]
2025-11-08 17:23:47,929 [INFO] PinOutPanel:1589 - setPackage(No Configuration,No Configuration)
2025-11-08 17:23:47,948 [INFO] CADModel:165 - CPN selected for project level
2025-11-08 17:23:47,948 [INFO] CADModel:114 - Register for checkConnection events
2025-11-08 17:23:47,952 [INFO] IPUIPlugin:80 - create IPUIPlugin
2025-11-08 17:23:47,952 [INFO] PluginManager:220 - loadIPPluginJar : add pdm2pcm
2025-11-08 17:23:47,953 [INFO] IPUIPlugin:80 - create IPUIPlugin
2025-11-08 17:23:47,954 [INFO] PluginManager:220 - loadIPPluginJar : add plateformsettings
2025-11-08 17:23:47,955 [INFO] IPUIPlugin:80 - create IPUIPlugin
2025-11-08 17:23:47,955 [INFO] PluginManager:220 - loadIPPluginJar : add usbx
2025-11-08 17:23:47,956 [INFO] IPUIPlugin:80 - create IPUIPlugin
2025-11-08 17:23:47,956 [INFO] PluginManager:220 - loadIPPluginJar : add tracer_emb
2025-11-08 17:23:47,956 [INFO] IPUIPlugin:80 - create IPUIPlugin
2025-11-08 17:23:47,957 [INFO] PluginManager:220 - loadIPPluginJar : add nvic
2025-11-08 17:23:47,957 [INFO] IPUIPlugin:80 - create IPUIPlugin
2025-11-08 17:23:47,957 [INFO] PluginManager:220 - loadIPPluginJar : add ts
2025-11-08 17:23:47,958 [INFO] IPUIPlugin:80 - create IPUIPlugin
2025-11-08 17:23:47,958 [INFO] PluginManager:220 - loadIPPluginJar : add gpio
2025-11-08 17:23:47,958 [INFO] IPUIPlugin:80 - create IPUIPlugin
2025-11-08 17:23:47,958 [INFO] PluginManager:220 - loadIPPluginJar : add comp
2025-11-08 17:23:47,959 [INFO] IPUIPlugin:80 - create IPUIPlugin
2025-11-08 17:23:47,959 [INFO] PluginManager:220 - loadIPPluginJar : add gfxmmu
2025-11-08 17:23:47,959 [INFO] IPUIPlugin:80 - create IPUIPlugin
2025-11-08 17:23:47,959 [INFO] PluginManager:220 - loadIPPluginJar : add gtzc
2025-11-08 17:23:47,960 [INFO] IPUIPlugin:80 - create IPUIPlugin
2025-11-08 17:23:47,960 [INFO] PluginManager:220 - loadIPPluginJar : add i2s
2025-11-08 17:23:47,961 [INFO] IPUIPlugin:80 - create IPUIPlugin
2025-11-08 17:23:47,961 [INFO] PluginManager:220 - loadIPPluginJar : add sai
2025-11-08 17:23:47,962 [INFO] IPUIPlugin:80 - create IPUIPlugin
2025-11-08 17:23:47,962 [INFO] PluginManager:220 - loadIPPluginJar : add freertos
2025-11-08 17:23:47,963 [INFO] IPUIPlugin:80 - create IPUIPlugin
2025-11-08 17:23:47,963 [INFO] PluginManager:220 - loadIPPluginJar : add spi
2025-11-08 17:23:47,964 [INFO] IPUIPlugin:80 - create IPUIPlugin
2025-11-08 17:23:47,964 [INFO] PluginManager:220 - loadIPPluginJar : add opamp
2025-11-08 17:23:47,964 [INFO] IPUIPlugin:80 - create IPUIPlugin
2025-11-08 17:23:47,964 [INFO] PluginManager:220 - loadIPPluginJar : add tsc
2025-11-08 17:23:47,966 [INFO] IPUIPlugin:80 - create IPUIPlugin
2025-11-08 17:23:47,966 [INFO] PluginManager:220 - loadIPPluginJar : add linkedlist
2025-11-08 17:23:47,967 [INFO] IPUIPlugin:80 - create IPUIPlugin
2025-11-08 17:23:47,967 [INFO] PluginManager:220 - loadIPPluginJar : add fmc
2025-11-08 17:23:47,968 [INFO] IPUIPlugin:80 - create IPUIPlugin
2025-11-08 17:23:47,968 [INFO] PluginManager:220 - loadIPPluginJar : add ddr_ctrl_phy
2025-11-08 17:23:47,968 [INFO] IPUIPlugin:80 - create IPUIPlugin
2025-11-08 17:23:47,969 [INFO] PluginManager:220 - loadIPPluginJar : add i2c
2025-11-08 17:23:47,969 [INFO] IPUIPlugin:80 - create IPUIPlugin
2025-11-08 17:23:47,969 [INFO] PluginManager:220 - loadIPPluginJar : add ltdc
2025-11-08 17:23:47,969 [INFO] IPUIPlugin:80 - create IPUIPlugin
2025-11-08 17:23:47,969 [INFO] PluginManager:220 - loadIPPluginJar : add i3c
2025-11-08 17:23:47,970 [INFO] IPUIPlugin:80 - create IPUIPlugin
2025-11-08 17:23:47,970 [INFO] PluginManager:220 - loadIPPluginJar : add cryp
2025-11-08 17:23:47,971 [INFO] IPUIPlugin:80 - create IPUIPlugin
2025-11-08 17:23:47,971 [INFO] PluginManager:220 - loadIPPluginJar : add aes
2025-11-08 17:23:47,971 [INFO] IPUIPlugin:80 - create IPUIPlugin
2025-11-08 17:23:47,972 [INFO] PluginManager:220 - loadIPPluginJar : add usart
2025-11-08 17:23:47,972 [INFO] IPUIPlugin:80 - create IPUIPlugin
2025-11-08 17:23:47,972 [INFO] PluginManager:220 - loadIPPluginJar : add quadspi
2025-11-08 17:23:47,973 [INFO] IPUIPlugin:80 - create IPUIPlugin
2025-11-08 17:23:47,973 [INFO] PluginManager:220 - loadIPPluginJar : add gic
2025-11-08 17:23:47,974 [INFO] IPUIPlugin:80 - create IPUIPlugin
2025-11-08 17:23:47,974 [INFO] PluginManager:220 - loadIPPluginJar : add tim
2025-11-08 17:23:47,974 [INFO] IPUIPlugin:80 - create IPUIPlugin
2025-11-08 17:23:47,974 [INFO] PluginManager:220 - loadIPPluginJar : add ipddr
2025-11-08 17:23:47,975 [INFO] IPUIPlugin:80 - create IPUIPlugin
2025-11-08 17:23:47,975 [INFO] PluginManager:220 - loadIPPluginJar : add extmemmanager
2025-11-08 17:23:47,976 [INFO] IPUIPlugin:80 - create IPUIPlugin
2025-11-08 17:23:47,976 [INFO] PluginManager:220 - loadIPPluginJar : add openamp
2025-11-08 17:23:47,976 [INFO] IPUIPlugin:80 - create IPUIPlugin
2025-11-08 17:23:47,976 [INFO] PluginManager:220 - loadIPPluginJar : add can
2025-11-08 17:23:47,977 [INFO] IPUIPlugin:80 - create IPUIPlugin
2025-11-08 17:23:47,977 [INFO] PluginManager:220 - loadIPPluginJar : add touchsensing
2025-11-08 17:23:47,978 [INFO] IPUIPlugin:80 - create IPUIPlugin
2025-11-08 17:23:47,978 [INFO] PluginManager:220 - loadIPPluginJar : add lorawan
2025-11-08 17:23:47,978 [INFO] IPUIPlugin:80 - create IPUIPlugin
2025-11-08 17:23:47,978 [INFO] PluginManager:220 - loadIPPluginJar : add hash
2025-11-08 17:23:47,979 [INFO] IPUIPlugin:80 - create IPUIPlugin
2025-11-08 17:23:47,979 [INFO] PluginManager:220 - loadIPPluginJar : add fatfs
2025-11-08 17:23:47,979 [INFO] IPUIPlugin:80 - create IPUIPlugin
2025-11-08 17:23:47,979 [INFO] PluginManager:220 - loadIPPluginJar : add resmgrutility
2025-11-08 17:23:47,981 [INFO] IPUIPlugin:80 - create IPUIPlugin
2025-11-08 17:23:47,981 [INFO] PluginManager:220 - loadIPPluginJar : add dma
2025-11-08 17:23:47,982 [INFO] IPUIPlugin:80 - create IPUIPlugin
2025-11-08 17:23:47,982 [INFO] PluginManager:220 - loadIPPluginJar : add genericplugin
2025-11-08 17:23:47,982 [INFO] IPUIPlugin:80 - create IPUIPlugin
2025-11-08 17:23:47,982 [INFO] PluginManager:220 - loadIPPluginJar : add dma3
2025-11-08 17:23:47,984 [INFO] IPUIPlugin:80 - create IPUIPlugin
2025-11-08 17:23:47,984 [INFO] PluginManager:220 - loadIPPluginJar : add stm32_wpan
2025-11-08 17:23:47,985 [INFO] IPUIPlugin:80 - create IPUIPlugin
2025-11-08 17:23:47,986 [INFO] PluginManager:220 - loadIPPluginJar : add adc
2025-11-08 17:23:47,986 [INFO] IPUIPlugin:80 - create IPUIPlugin
2025-11-08 17:23:47,986 [INFO] PluginManager:220 - loadIPPluginJar : add ucpd
2025-11-08 17:23:47,987 [INFO] IPUIPlugin:80 - create IPUIPlugin
2025-11-08 17:23:47,987 [INFO] PluginManager:220 - loadIPPluginJar : add mdma
2025-11-08 17:23:47,988 [INFO] IPUIPlugin:80 - create IPUIPlugin
2025-11-08 17:23:47,988 [INFO] PluginManager:220 - loadIPPluginJar : add radio
2025-11-08 17:23:47,988 [INFO] IPUIPlugin:80 - create IPUIPlugin
2025-11-08 17:23:47,988 [INFO] PluginManager:220 - loadIPPluginJar : add dfsdm
2025-11-08 17:23:48,071 [FATAL] Updater:351 - Updater called before beeing initialized
2025-11-08 17:23:48,089 [INFO] RulesReader:64 - Compatibility file has been processed (317 Rules)
2025-11-08 17:23:48,093 [INFO] RulesReader:64 - Compatibility file has been processed (317 Rules)
2025-11-08 17:23:48,095 [INFO] CADModel:165 - CPN selected for project level
2025-11-08 17:23:48,095 [INFO] CADModel:114 - Register for checkConnection events
2025-11-08 17:23:48,095 [FATAL] Updater:351 - Updater called before beeing initialized
2025-11-08 17:23:48,095 [ERROR] CADModel:125 - Updater not yet initialized, retry later 
2025-11-08 17:23:48,133 [FATAL] Updater:351 - Updater called before beeing initialized
2025-11-08 17:23:48,134 [INFO] CADModel:165 - CPN selected for project level
2025-11-08 17:23:48,134 [INFO] CADModel:114 - Register for checkConnection events
2025-11-08 17:23:48,134 [FATAL] Updater:351 - Updater called before beeing initialized
2025-11-08 17:23:48,134 [ERROR] CADModel:125 - Updater not yet initialized, retry later 
2025-11-08 17:23:48,135 [FATAL] Updater:351 - Updater called before beeing initialized
2025-11-08 17:23:48,160 [FATAL] Updater:351 - Updater called before beeing initialized
2025-11-08 17:23:48,161 [INFO] DbMcusAds:53 - JSON generation date=Fri Nov 07 12:13:48 CET 2025 (1762514028606)
2025-11-08 17:23:48,161 [FATAL] Updater:351 - Updater called before beeing initialized
2025-11-08 17:23:48,173 [WARN] DetailPanel:346 - Failed to get advertising image, set to default
2025-11-08 17:23:48,203 [FATAL] Updater:351 - Updater called before beeing initialized
2025-11-08 17:23:48,203 [FATAL] Updater:351 - Updater called before beeing initialized
2025-11-08 17:23:48,203 [FATAL] Updater:351 - Updater called before beeing initialized
2025-11-08 17:23:48,204 [WARN] DetailPanel:346 - Failed to get advertising image, set to default
2025-11-08 17:23:48,204 [FATAL] Updater:351 - Updater called before beeing initialized
2025-11-08 17:23:48,214 [ERROR] Updater:1198 - MainUpdater not yet initialized. External WinMGr cannot be set.
2025-11-08 17:23:48,215 [INFO] Updater:1134 - Updater Version found : 6.15.0
2025-11-08 17:23:48,221 [INFO] ApplicationProperties:184 - Using Application install path: /opt/st/stm32cubeide_1.19.0/plugins/com.st.stm32cube.common.mx_6.15.0.202507011659
2025-11-08 17:23:48,345 [INFO] MainUpdater:2872 - connection check result : 10
2025-11-08 17:23:48,346 [INFO] MainUpdater:289 - Updater Check For Update Now.
2025-11-08 17:23:48,346 [INFO] MicroXplorer:498 - Change Database Version : DB.6.0.150
2025-11-08 17:23:48,347 [INFO] McuFinderGlobals:63 - Set McuFinder mode to 2 (CubeIDE integrated)
2025-11-08 17:23:48,348 [INFO] UserAuth:487 - Internet connection configuration mode: 1
2025-11-08 17:23:48,353 [INFO] JxBrowserEngine:152 - Initiate JxBrowser Engine with user profile folder
2025-11-08 17:23:48,481 [INFO] CheckServerUpdateThread:120 - End of CheckServer Thread
2025-11-08 17:23:48,675 [INFO] WebApp:169 - Instantiating new browser for Auth
2025-11-08 17:23:48,904 [INFO] WebApp:463 - Apply proxy settings
2025-11-08 17:23:48,904 [INFO] WebApp:548 - Chromium requires no authentication
2025-11-08 17:23:48,907 [INFO] WebApp:491 - Direct internet connection detected
2025-11-08 17:23:48,913 [INFO] WebApp:900 - Register for checkConnection events
2025-11-08 17:23:48,913 [INFO] WebApp:463 - Apply proxy settings
2025-11-08 17:23:48,913 [INFO] WebApp:548 - Chromium requires no authentication
2025-11-08 17:23:48,913 [INFO] WebApp:491 - Direct internet connection detected
2025-11-08 17:23:48,955 [INFO] WebApp:225 - Starting web application
2025-11-08 17:23:48,955 [INFO] WebApp:593 - Web application path used /opt/st/stm32cubeide_1.19.0/plugins/com.st.stm32cube.common.mx_6.15.0.202507011659/db/plugins/mcufinder/reactClient1/index.html
2025-11-08 17:23:48,987 [INFO] UserAuth:487 - Internet connection configuration mode: 1
2025-11-08 17:23:49,105 [INFO] WebApp:191 - Connection restablished
2025-11-08 17:23:50,850 [WARN] PackLoader:240 - Cannot read IP mode file for STMicroelectronics.FP-SNS-MOTENVWB1.1.4.0
2025-11-08 17:23:50,852 [WARN] PackLoader:240 - Cannot read IP mode file for STMicroelectronics.FP-ATR-ASTRA1.2.0.2
2025-11-08 17:23:50,854 [WARN] PackLoader:240 - Cannot read IP mode file for STMicroelectronics.X-CUBE-SMBUS.2.1.0
2025-11-08 17:23:50,865 [WARN] PackLoader:240 - Cannot read IP mode file for STMicroelectronics.X-CUBE-AZRTOS-F7.1.1.0
2025-11-08 17:23:50,867 [WARN] PackLoader:240 - Cannot read IP mode file for Cesanta.I-CUBE-Mongoose.7.19.0
2025-11-08 17:23:50,868 [WARN] PackLoader:240 - Cannot read IP mode file for STMicroelectronics.FP-SNS-MOTENV1.5.1.0
2025-11-08 17:23:50,872 [WARN] PackLoader:240 - Cannot read IP mode file for WES.I-CUBE-Cesium.1.4.0
2025-11-08 17:23:50,879 [WARN] PackLoader:240 - Cannot read IP mode file for Infineon.AIROC-Wi-Fi-Bluetooth-STM32.1.7.1
2025-11-08 17:23:50,892 [WARN] PackLoader:240 - Cannot read IP mode file for STMicroelectronics.X-CUBE-AZRTOS-H7.3.4.0
2025-11-08 17:23:50,896 [WARN] PackLoader:240 - Cannot read IP mode file for STMicroelectronics.X-CUBE-DISPLAY.3.0.0
2025-11-08 17:23:50,899 [WARN] PackLoader:240 - Cannot read IP mode file for STMicroelectronics.X-CUBE-NFC10.1.0.0
2025-11-08 17:23:50,901 [WARN] PackLoader:240 - Cannot read IP mode file for STMicroelectronics.X-CUBE-ST60.1.1.0
2025-11-08 17:23:50,903 [WARN] PackLoader:240 - Cannot read IP mode file for emotas.I-CUBE-CANOPEN.1.3.0
2025-11-08 17:23:50,904 [WARN] PackLoader:240 - Cannot read IP mode file for STMicroelectronics.X-CUBE-GNSS1.7.1.0
2025-11-08 17:23:50,906 [WARN] PackLoader:240 - Cannot read IP mode file for STMicroelectronics.FP-SNS-STBOX1.2.1.0
2025-11-08 17:23:50,907 [WARN] PackLoader:240 - Cannot read IP mode file for STMicroelectronics.FP-SNS-SMARTAG2.1.2.0
2025-11-08 17:23:50,908 [WARN] PackLoader:240 - Cannot read IP mode file for STMicroelectronics.FP-SNS-FLIGHT1.5.1.0
2025-11-08 17:23:50,911 [INFO] LogOutputStream:77 - [STDOUT_REDIRECT] 1 : Invalid condition id : UX_CORESTACK_Condition cause : null
2025-11-08 17:23:50,911 [INFO] LogOutputStream:77 - [STDOUT_REDIRECT] 1 : Invalid condition id : UX_CORESTACK_Condition cause : null
2025-11-08 17:23:50,911 [INFO] LogOutputStream:77 - [STDOUT_REDIRECT] 1 : Invalid condition id : UX_CORESTACK_Condition cause : null
2025-11-08 17:23:50,911 [INFO] LogOutputStream:77 - [STDOUT_REDIRECT] 1 : Invalid condition id : UX_CORESTACK_Condition cause : null
2025-11-08 17:23:50,911 [INFO] LogOutputStream:77 - [STDOUT_REDIRECT] 1 : Invalid condition id : UX_CORESTACK_Condition cause : null
2025-11-08 17:23:50,912 [WARN] PackLoader:240 - Cannot read IP mode file for STMicroelectronics.X-CUBE-AZRTOS-WL.2.0.0
2025-11-08 17:23:50,913 [WARN] PackLoader:240 - Cannot read IP mode file for STMicroelectronics.FP-SNS-MOTENV1.5.0.0
2025-11-08 17:23:50,915 [WARN] PackLoader:240 - Cannot read IP mode file for STMicroelectronics.X-CUBE-BLE2.3.3.0
2025-11-08 17:23:50,916 [WARN] PackLoader:240 - Cannot read IP mode file for STMicroelectronics.X-CUBE-NFC9.1.0.0
2025-11-08 17:23:50,918 [WARN] PackLoader:240 - Cannot read IP mode file for wolfSSL.I-CUBE-wolfSSL.5.8.2
2025-11-08 17:23:50,919 [WARN] PackLoader:240 - Cannot read IP mode file for STMicroelectronics.X-CUBE-BLE1.7.1.0
2025-11-08 17:23:50,920 [WARN] PackLoader:240 - Cannot read IP mode file for wolfSSL.I-CUBE-wolfMQTT.1.19.2
2025-11-08 17:23:50,921 [WARN] PackLoader:240 - Cannot read IP mode file for STMicroelectronics.X-CUBE-EEPRMA1.5.2.0
2025-11-08 17:23:50,923 [WARN] PackLoader:240 - Cannot read IP mode file for STMicroelectronics.X-CUBE-ST67W61.1.1.0
2025-11-08 17:23:50,927 [WARN] PackLoader:240 - Cannot read IP mode file for STMicroelectronics.X-CUBE-AZRTOS-G0.1.1.0
2025-11-08 17:23:50,929 [WARN] PackLoader:240 - Cannot read IP mode file for STMicroelectronics.X-CUBE-SAFEA1.1.2.2
2025-11-08 17:23:50,931 [WARN] PackLoader:240 - Cannot read IP mode file for STMicroelectronics.X-CUBE-NFC4.3.0.0
2025-11-08 17:23:50,933 [WARN] PackLoader:240 - Cannot read IP mode file for EmbeddedOffice.I-CUBE-FS-RTOS.1.0.1
2025-11-08 17:23:50,935 [WARN] PackLoader:240 - Cannot read IP mode file for STMicroelectronics.X-CUBE-WB05N.2.0.0
2025-11-08 17:23:50,936 [WARN] PackLoader:240 - Cannot read IP mode file for wolfSSL.I-CUBE-wolfTPM.3.8.0
2025-11-08 17:23:50,937 [WARN] PackLoader:240 - Cannot read IP mode file for STMicroelectronics.X-CUBE-TCPP.4.2.0
2025-11-08 17:23:50,939 [WARN] PackLoader:240 - Cannot read IP mode file for RealThread.X-CUBE-RT-Thread_Nano.4.1.1
2025-11-08 17:23:50,940 [WARN] PackLoader:240 - Cannot read IP mode file for STMicroelectronics.FP-ATR-SIGFOX1.3.2.0
2025-11-08 17:23:50,941 [WARN] PackLoader:240 - Cannot read IP mode file for ITTIA_DB.I-CUBE-ITTIADB.8.9.0
2025-11-08 17:23:50,942 [WARN] PackLoader:240 - Cannot read IP mode file for STMicroelectronics.X-CUBE-AI.10.2.0
2025-11-08 17:23:50,949 [WARN] PackLoader:240 - Cannot read IP mode file for SEGGER.I-CUBE-embOS.1.3.1
2025-11-08 17:23:50,966 [WARN] PackLoader:240 - Cannot read IP mode file for STMicroelectronics.X-CUBE-ALGOBUILD.1.4.0
2025-11-08 17:23:50,993 [WARN] PackLoader:240 - Cannot read IP mode file for STMicroelectronics.X-CUBE-MEMS1.11.3.0
2025-11-08 17:23:51,028 [WARN] PackLoader:240 - Cannot read IP mode file for STMicroelectronics.X-CUBE-PM33A1.1.0.0
2025-11-08 17:23:51,033 [WARN] PackLoader:240 - Cannot read IP mode file for STMicroelectronics.X-CUBE-AZRTOS-F4.1.1.0
2025-11-08 17:23:51,034 [WARN] PackLoader:240 - Cannot read IP mode file for STMicroelectronics.X-CUBE-ISPU.2.1.0
2025-11-08 17:23:51,038 [WARN] PackLoader:240 - Cannot read IP mode file for STMicroelectronics.X-CUBE-IPS.3.2.0
2025-11-08 17:23:51,041 [WARN] PackLoader:240 - Cannot read IP mode file for STMicroelectronics.X-CUBE-NFC12.1.0.0
2025-11-08 17:23:51,045 [WARN] PackLoader:240 - Cannot read IP mode file for STMicroelectronics.X-CUBE-AZRTOS-L5.2.0.0
2025-11-08 17:23:51,048 [WARN] PackLoader:240 - Cannot read IP mode file for STMicroelectronics.X-CUBE-NFC6.3.1.0
2025-11-08 17:23:51,050 [WARN] PackLoader:240 - Cannot read IP mode file for STMicroelectronics.X-CUBE-FREERTOS.1.3.1
2025-11-08 17:23:51,051 [WARN] PackLoader:240 - Cannot read IP mode file for STMicroelectronics.X-CUBE-TOUCHGFX.4.26.0
2025-11-08 17:23:51,052 [WARN] PackLoader:240 - Cannot read IP mode file for STMicroelectronics.FP-SNS-STAIOTCFT.1.0.0
2025-11-08 17:23:51,054 [WARN] PackLoader:240 - Cannot read IP mode file for STMicroelectronics.X-CUBE-DPower.1.3.0
2025-11-08 17:23:51,058 [WARN] ConditionMgr:438 - getConditionDescription Invalid condition id : LAN8742 Phy interface Condition cause : null
2025-11-08 17:23:51,058 [WARN] PackLoader:240 - Cannot read IP mode file for STMicroelectronics.X-CUBE-AZRTOS-L4.2.0.0
2025-11-08 17:23:51,059 [WARN] ConditionMgr:1044 - genDependencies : Invalid condition id : LAN8742 Phy interface Condition cause : null
2025-11-08 17:23:51,059 [WARN] ConditionMgr:1044 - genDependencies : Invalid condition id : LAN8742 Phy interface Condition cause : null
2025-11-08 17:23:51,059 [WARN] ConditionMgr:1044 - genDependencies : Invalid condition id : LAN8742 Phy interface Condition cause : null
2025-11-08 17:23:51,061 [WARN] PackLoader:240 - Cannot read IP mode file for STMicroelectronics.X-CUBE-SFXS2LP1.4.0.0
2025-11-08 17:23:51,064 [WARN] PackLoader:240 - Cannot read IP mode file for STMicroelectronics.X-CUBE-BLEMGR.4.1.0
2025-11-08 17:23:51,069 [WARN] ConditionMgr:438 - getConditionDescription Invalid condition id : UX DEVICE CLASS RTOS Condition cause : null
2025-11-08 17:23:51,070 [WARN] ConditionMgr:438 - getConditionDescription Invalid condition id : UX DEVICE CLASS RTOS Condition cause : null
2025-11-08 17:23:51,070 [WARN] PackLoader:240 - Cannot read IP mode file for STMicroelectronics.X-CUBE-AZRTOS-WB.2.0.0
2025-11-08 17:23:51,070 [WARN] ConditionMgr:1044 - genDependencies : Invalid condition id : UX DEVICE CLASS RTOS Condition cause : null
2025-11-08 17:23:51,070 [WARN] ConditionMgr:1044 - genDependencies : Invalid condition id : UX DEVICE CLASS RTOS Condition cause : null
2025-11-08 17:23:51,070 [WARN] ConditionMgr:1044 - genDependencies : Invalid condition id : UX DEVICE CLASS RTOS Condition cause : null
2025-11-08 17:23:51,070 [WARN] ConditionMgr:1044 - genDependencies : Invalid condition id : UX DEVICE CLASS RTOS Condition cause : null
2025-11-08 17:23:51,070 [WARN] ConditionMgr:1044 - genDependencies : Invalid condition id : UX DEVICE CLASS RTOS Condition cause : null
2025-11-08 17:23:51,072 [WARN] PackLoader:240 - Cannot read IP mode file for STMicroelectronics.X-CUBE-GNSS1.7.0.1
2025-11-08 17:23:51,073 [WARN] ConditionMgr:438 - getConditionDescription Invalid condition id : Cortex-A Device cause : null
2025-11-08 17:23:51,077 [WARN] ConditionMgr:1044 - genDependencies : Invalid condition id : Cortex-A Device cause : null
2025-11-08 17:23:51,077 [WARN] ConditionMgr:1044 - genDependencies : Invalid condition id : Cortex-A Device cause : null
2025-11-08 17:23:51,077 [WARN] ConditionMgr:1044 - genDependencies : Invalid condition id : Cortex-A Device cause : null
2025-11-08 17:23:51,080 [WARN] PackLoader:240 - Cannot read IP mode file for STMicroelectronics.X-CUBE-SUBG2.5.0.0
2025-11-08 17:23:51,088 [WARN] PackLoader:240 - Cannot read IP mode file for STMicroelectronics.X-CUBE-AZRTOS-H7RS.1.1.0
2025-11-08 17:23:51,094 [WARN] PackLoader:240 - Cannot read IP mode file for STMicroelectronics.X-CUBE-AZRTOS-G4.2.0.0
2025-11-08 17:23:51,095 [WARN] PackLoader:240 - Cannot read IP mode file for wolfSSL.I-CUBE-wolfSSH.1.4.20
2025-11-08 17:23:51,096 [WARN] PackLoader:240 - Cannot read IP mode file for STMicroelectronics.X-CUBE-NFC7.2.0.0
2025-11-08 17:23:51,098 [WARN] PackLoader:240 - Cannot read IP mode file for STMicroelectronics.X-CUBE-ALS.1.0.2
2025-11-08 17:23:51,101 [WARN] PackLoader:240 - Cannot read IP mode file for STMicroelectronics.X-CUBE-STSE01.1.0.0
2025-11-08 17:23:51,106 [WARN] PackLoader:240 - Cannot read IP mode file for STMicroelectronics.X-CUBE-TOF1.3.4.3
2025-11-08 17:23:51,111 [INFO] ThirdParty:978 - Integrity check success = true
2025-11-08 17:23:51,111 [INFO] IntegrityCheckThread:100 - exiting critical section [integrity check]
2025-11-08 17:23:51,111 [INFO] IntegrityCheckThread:103 - End integrity checks thread
2025-11-08 17:24:03,812 [ERROR] LogOutputStream:75 - [STDERR_REDIRECT] 
